C51 COMPILER V9.54   DS1302                                                                04/16/2025 22:53:48 PAGE 1   


C51 COMPILER V9.54, COMPILATION OF MODULE DS1302
OBJECT MODULE PLACED IN .\Objects\DS1302.obj
COMPILER INVOKED BY: C:\Keil_v5\C51\BIN\C51.EXE DS1302.c OPTIMIZE(8,SPEED) BROWSE DEBUG OBJECTEXTEND PRINT(.\Listings\DS
                    -1302.lst) TABS(2) OBJECT(.\Objects\DS1302.obj)

line level    source

   1          #include <REGX52.H>
   2          sbit DS1302_SCLK=P3^2;
   3          sbit DS1302_IO=P3^4;
   4          sbit DS1302_CE=P3^5;
   5          void DS1302_WRITE(unsigned char Command,Data)
   6          {
   7   1        unsigned char i;
   8   1        DS1302_CE=1;
   9   1        for(i=0;i<8;i++)
  10   1        {
  11   2          DS1302_IO=Command&(0x01<<i);
  12   2          DS1302_SCLK=1;
  13   2          DS1302_SCLK=0;
  14   2        }
  15   1        for(i=0;i<8;i++)
  16   1        {
  17   2          DS1302_IO=Data&(0x01<<i);
  18   2          DS1302_SCLK=1;
  19   2          DS1302_SCLK=0;
  20   2        }
  21   1        DS1302_CE=0;
  22   1      }
  23          void DS1302_Init()
  24          {
  25   1        DS1302_CE=0;
  26   1        DS1302_SCLK=0;
  27   1      }
  28          
  29          //void DS1302_WRITE(unsigned char Command,Data)
  30          //{
  31          //  unsigned char i;
  32          //  DS1302_CE=1;
  33          //  for(i=0;i<8;i++)
  34          //  {
  35          //  DS1302_IO=Command &(0x01<<i);
  36          //  DS1302_SCLK=1;
  37          //  DS1302_SCLK=0;    
  38          //  }
  39          //  for(i=0;i<8;i++)
  40          //  {
  41          //  DS1302_IO=Data &(0x01<<i);
  42          //  DS1302_SCLK=1;
  43          //  DS1302_SCLK=0;    
  44          //  }
  45          //  DS1302_CE=0;
  46          //  
  47          //}
  48          
  49          //unsigned char DS1302_READ(unsigned char Command)
  50          //{
  51          //  unsigned char i;
  52          //  unsigned char re=0x00;
  53          //  DS1302_CE=1;
  54          //  for(i=0;i<8;i++)
C51 COMPILER V9.54   DS1302                                                                04/16/2025 22:53:48 PAGE 2   

  55          //  {
  56          //    DS1302_IO=Command &(0x01<<i);
  57          //    DS1302_SCLK=0;
  58          //    DS1302_SCLK=1;
  59          
  60          //  }
  61          
  62          //  for(i=0;i<8;i++)
  63          //  {
  64          //    DS1302_SCLK=1;
  65          //    DS1302_SCLK=0;
  66          //    if(DS1302_IO)
  67          //    {
  68          //      re |=(0x01<<i);
  69          //    }
  70          //    DS1302_CE=0;
  71          //    DS1302_IO=0;
  72          //    return re;
  73          //  }
  74          //  
  75          //  
  76          //  
  77          //}
  78          unsigned char DS1302_READ(unsigned char Command)
  79          {
  80   1        unsigned char i,Data=0x00;
  81   1        Command|=0x01;  //将指令转换为读指令
  82   1        DS1302_CE=1;
  83   1        for(i=0;i<8;i++)
  84   1        {
  85   2          DS1302_IO=Command&(0x01<<i);
  86   2          DS1302_SCLK=0;
  87   2          DS1302_SCLK=1;
  88   2        }
  89   1        for(i=0;i<8;i++)
  90   1        {
  91   2          DS1302_SCLK=1;
  92   2          DS1302_SCLK=0;
  93   2          if(DS1302_IO){Data|=(0x01<<i);}
  94   2        }
  95   1        DS1302_CE=0;
  96   1        DS1302_IO=0;  //读取后将IO设置为0，否则读出的数据会出错
  97   1        return Data;
  98   1      }
  99          
 100          
 101          
 102          
 103          
 104          


MODULE INFORMATION:   STATIC OVERLAYABLE
   CODE SIZE        =    170    ----
   CONSTANT SIZE    =   ----    ----
   XDATA SIZE       =   ----    ----
   PDATA SIZE       =   ----    ----
   DATA SIZE        =   ----       2
   IDATA SIZE       =   ----    ----
   BIT SIZE         =   ----    ----
END OF MODULE INFORMATION.


C51 COMPILATION COMPLETE.  0 WARNING(S),  0 ERROR(S)
