C51 COMPILER V9.54   MAIN                                                                  04/16/2025 22:54:12 PAGE 1   


C51 COMPILER V9.54, COMPILATION OF MODULE MAIN
OBJECT MODULE PLACED IN .\Objects\main.obj
COMPILER INVOKED BY: C:\Keil_v5\C51\BIN\C51.EXE main.c OPTIMIZE(8,SPEED) BROWSE DEBUG OBJECTEXTEND PRINT(.\Listings\main
                    -.lst) TABS(2) OBJECT(.\Objects\main.obj)

line level    source

   1          #include <REGX52.H>
   2          #include "lcd1602.h"
   3          #include "ds1302.h"
   4          #include "delay.h"
   5          unsigned char Year,Month,Day,Hour,Min,Sec;
   6          void main()
   7          {
   8   1        LCD_Init();
   9   1        DS1302_Init();
  10   1        DS1302_WRITE(0x80,0x03);
  11   1        while (1)
  12   1        {
  13   2          Sec=DS1302_READ(0x81);
  14   2          LCD_ShowNum(2,1,Sec,3);
  15   2          Delay(20);
  16   2        }
  17   1      }


MODULE INFORMATION:   STATIC OVERLAYABLE
   CODE SIZE        =     43    ----
   CONSTANT SIZE    =   ----    ----
   XDATA SIZE       =   ----    ----
   PDATA SIZE       =   ----    ----
   DATA SIZE        =      6    ----
   IDATA SIZE       =   ----    ----
   BIT SIZE         =   ----    ----
END OF MODULE INFORMATION.


C51 COMPILATION COMPLETE.  0 WARNING(S),  0 ERROR(S)
