C51 COMPILER V9.01   MAIN                                                                  04/12/2025 10:56:03 PAGE 1   


C51 COMPILER V9.01, COMPILATION OF MODULE MAIN
OBJECT MODULE PLACED IN main.OBJ
COMPILER INVOKED BY: C:\Users\z'j'c\Desktop\«∂»Î Ω\C51\BIN\C51.EXE main.c BROWSE DEBUG OBJECTEXTEND

line level    source

   1          #include <REGX52.H>
   2          void Delay1ms(unsigned  int xms)                //@12.000MHz
   3          {
   4   1              unsigned char i, j;
   5   1              while(xms--)
   6   1              {
   7   2                      i = 2;
   8   2                      j = 239;
   9   2                      do
  10   2                      {
  11   3                              while (--j);
  12   3                      } while (--i);
  13   2              }
  14   1      
  15   1      }
  16          
  17          
  18          void main()
  19          {
  20   1              while (1)
  21   1              {
  22   2                      P2=0xfe;
  23   2                      Delay1ms(500);
  24   2                      P2=0xfd;   //1111 1101
  25   2                      Delay1ms(500);
  26   2                      P2=0xfb; //1111 1011
  27   2                      Delay1ms(500);
  28   2                      P2=0xf7;   //1111 0111
  29   2                      Delay1ms(500);
  30   2                      P2=0xef;  //1110 1111
  31   2                      Delay1ms(500);
  32   2                      P2=0xdf;  //1101 1111
  33   2                      Delay1ms(500);
  34   2                      P2=0xbf;  //1011 1111
  35   2                      Delay1ms(500);
  36   2                      P2=0x7f;   //0111 1111
  37   2                      Delay1ms(500);
  38   2              
  39   2              }
  40   1      }
  41          
  42          


MODULE INFORMATION:   STATIC OVERLAYABLE
   CODE SIZE        =     75    ----
   CONSTANT SIZE    =   ----    ----
   XDATA SIZE       =   ----    ----
   PDATA SIZE       =   ----    ----
   DATA SIZE        =   ----    ----
   IDATA SIZE       =   ----    ----
   BIT SIZE         =   ----    ----
END OF MODULE INFORMATION.


C51 COMPILATION COMPLETE.  0 WARNING(S),  0 ERROR(S)
