C51 COMPILER V9.54   AT24C02                                                               04/19/2025 20:16:56 PAGE 1   


C51 COMPILER V9.54, COMPILATION OF MODULE AT24C02
OBJECT MODULE PLACED IN .\Objects\at24c02.obj
COMPILER INVOKED BY: C:\Keil_v5\C51\BIN\C51.EXE at24c02.c OPTIMIZE(8,SPEED) BROWSE DEBUG OBJECTEXTEND PRINT(.\Listings\a
                    -t24c02.lst) TABS(2) OBJECT(.\Objects\at24c02.obj)

line level    source

   1          #include <REGX52.H>
   2          #include "i2c.h"
   3          /**
   4            * @brief   将数据写入到at24c02
   5            * @param  ADDRESS 数据存放的地址
   6            * @param  Data 写入的数据
   7            * @retval 无
   8            */
   9          void  AT24C02_write(unsigned char ADDRESS,unsigned char Data)
  10          {
  11   1        I2C_start();
  12   1        I2C_SendByte(0xa0);
  13   1        Ra1_0();
  14   1        I2C_SendByte(ADDRESS);
  15   1        Ra1_0();
  16   1        I2C_SendByte(Data);
  17   1        Ra1_0();
  18   1        I2C_stop();
  19   1      }
  20            
  21          
  22          
  23          /**
  24            * @brief   读出at24c02中的数据
  25            * @param  数据地址
  26            * @retval 数据DATA
  27            */
  28          unsigned char AT24C02_read(unsigned char ADDRESS)
  29          {
  30   1        unsigned char Data;
  31   1        I2C_start();
  32   1        I2C_SendByte(0xa0);
  33   1        Ra1_0();
  34   1        I2C_SendByte(ADDRESS);
  35   1        Ra1_0();
  36   1        I2C_start();
  37   1        I2C_SendByte(0xa1);
  38   1        Ra1_0();
  39   1        Data=I2C_reByte();
  40   1        Sa1_0(1);
  41   1        I2C_stop();
  42   1        return Data;
  43   1        
  44   1        
  45   1      }


MODULE INFORMATION:   STATIC OVERLAYABLE
   CODE SIZE        =     82    ----
   CONSTANT SIZE    =   ----    ----
   XDATA SIZE       =   ----    ----
   PDATA SIZE       =   ----    ----
   DATA SIZE        =   ----       4
   IDATA SIZE       =   ----    ----
C51 COMPILER V9.54   AT24C02                                                               04/19/2025 20:16:56 PAGE 2   

   BIT SIZE         =   ----    ----
END OF MODULE INFORMATION.


C51 COMPILATION COMPLETE.  0 WARNING(S),  0 ERROR(S)
