C51 COMPILER V9.54   I2C                                                                   04/19/2025 20:16:56 PAGE 1   


C51 COMPILER V9.54, COMPILATION OF MODULE I2C
OBJECT MODULE PLACED IN .\Objects\i2c.obj
COMPILER INVOKED BY: C:\Keil_v5\C51\BIN\C51.EXE i2c.c OPTIMIZE(8,SPEED) BROWSE DEBUG OBJECTEXTEND PRINT(.\Listings\i2c.l
                    -st) TABS(2) OBJECT(.\Objects\i2c.obj)

line level    source

   1          #include <REGX52.H>
   2          #include "delay.h"
   3          sbit SCL=P2^1;
   4          sbit SDA=P2^0;
   5            
   6          unsigned char i;
   7          
   8          /**
   9            * @brief   开始
  10            * @param  无
  11            * @retval 无
  12            */
  13          void I2C_start()
  14          {
  15   1        SCL=1;
  16   1        SDA=1;
  17   1        SDA=0;
  18   1        SCL=0;
  19   1        
  20   1      }
  21          
  22          /**
  23            * @brief   结束
  24            * @param  无
  25            * @retval 无
  26            */
  27          void I2C_stop()
  28          {
  29   1        SDA=0;
  30   1        SCL=1;
  31   1        SDA=1;
  32   1        
  33   1      }
  34          
  35          
  36          /**
  37            * @brief   发送数据
  38            * @param  Byte写入字节
  39            * @retval 无
  40            */
  41          void I2C_SendByte(unsigned char Byte)
  42          {
  43   1        unsigned char i;
  44   1        for(i=0;i<8;i++)
  45   1        {
  46   2        SDA=Byte&(0x80>>i);
  47   2        SCL=1;
  48   2        SCL=0;
  49   2        }
  50   1      }
  51          
  52          
  53          /**
  54            * @brief   读出数据
C51 COMPILER V9.54   I2C                                                                   04/19/2025 20:16:56 PAGE 2   

  55            * @param  无
  56            * @retval Byte
  57            */
  58          unsigned char I2C_reByte(void)
  59          {
  60   1        unsigned char i,Byte=0x00;
  61   1        SDA=1;
  62   1        for(i=0;i<8;i++)
  63   1        {
  64   2          SCL=1;
  65   2        if(SDA){Byte|=0x80>>i;}
  66   2        SCL=0;
  67   2        }
  68   1        return Byte;
  69   1        
  70   1      }
  71          
  72          
  73          /**
  74            * @brief   发送应答
  75            * @param  1或0，1表示应答停止，0表示应答继续
  76            * @retval 无
  77            */
  78          void Sa1_0(unsigned char n)
  79          {
  80   1        SDA=n;
  81   1        SCL=1;
  82   1        SCL=0;
  83   1      }
  84          
  85          
  86          /**
  87            * @brief   接受应答
  88            * @param  无
  89            * @retval 1表示接受停止，0表示接受继续
  90            */
  91          unsigned char Ra1_0(void)
  92          {
  93   1        unsigned char n;
  94   1        SDA=1;
  95   1        SCL=1;
  96   1        if(SDA){n=SDA;}
  97   1        SCL=0;
  98   1        return n;
  99   1      }
 100            
 101          


MODULE INFORMATION:   STATIC OVERLAYABLE
   CODE SIZE        =    112    ----
   CONSTANT SIZE    =   ----    ----
   XDATA SIZE       =   ----    ----
   PDATA SIZE       =   ----    ----
   DATA SIZE        =      1    ----
   IDATA SIZE       =   ----    ----
   BIT SIZE         =   ----    ----
END OF MODULE INFORMATION.


C51 COMPILATION COMPLETE.  0 WARNING(S),  0 ERROR(S)
