C51 COMPILER V9.01   MAIN                                                                  04/12/2025 10:30:31 PAGE 1   


C51 COMPILER V9.01, COMPILATION OF MODULE MAIN
OBJECT MODULE PLACED IN main.OBJ
COMPILER INVOKED BY: C:\Users\z'j'c\Desktop\«∂»Î Ω\C51\BIN\C51.EXE main.c BROWSE DEBUG OBJECTEXTEND

line level    source

   1          #include <REGX52.H>
   2          #include <INTRINS.H>
   3          void Delay500ms()               //@12.000MHz
   4          {
   5   1              unsigned char i, j, k;
   6   1      
   7   1              _nop_();
   8   1              i = 4;
   9   1              j = 205;
  10   1              k = 187;
  11   1              do
  12   1              {
  13   2                      do
  14   2                      {
  15   3                              while (--k);
  16   3                      } while (--j);
  17   2              } while (--i);
  18   1      }
  19          
  20          
  21          void main()
  22          {
  23   1              while (1)
  24   1              {
  25   2                      P2=0xfe;
  26   2                      Delay500ms();
  27   2                      P2=0xfd;   //1111 1101
  28   2                      Delay500ms();
  29   2                      P2=0xfb; //1111 1011
  30   2                      Delay500ms();
  31   2                      P2=0xf7;   //1111 0111
  32   2                      Delay500ms();
  33   2                      P2=0xef;  //1110 1111
  34   2                      Delay500ms();
  35   2                      P2=0xdf;  //1101 1111
  36   2                      Delay500ms();
  37   2                      P2=0xbf;  //1011 1111
  38   2                      Delay500ms();
  39   2                      P2=0x7f;   //0111 1111
  40   2                      Delay500ms();
  41   2              
  42   2              }
  43   1      
  44   1      
  45   1      }
  46          
  47          


MODULE INFORMATION:   STATIC OVERLAYABLE
   CODE SIZE        =     64    ----
   CONSTANT SIZE    =   ----    ----
   XDATA SIZE       =   ----    ----
   PDATA SIZE       =   ----    ----
   DATA SIZE        =   ----    ----
C51 COMPILER V9.01   MAIN                                                                  04/12/2025 10:30:31 PAGE 2   

   IDATA SIZE       =   ----    ----
   BIT SIZE         =   ----    ----
END OF MODULE INFORMATION.


C51 COMPILATION COMPLETE.  0 WARNING(S),  0 ERROR(S)
