C51 COMPILER V9.54   MAIN                                                                  04/18/2025 18:01:18 PAGE 1   


C51 COMPILER V9.54, COMPILATION OF MODULE MAIN
OBJECT MODULE PLACED IN .\Objects\main.obj
COMPILER INVOKED BY: C:\Keil_v5\C51\BIN\C51.EXE main.c OPTIMIZE(8,SPEED) BROWSE DEBUG OBJECTEXTEND PRINT(.\Listings\main
                    -.lst) TABS(2) OBJECT(.\Objects\main.obj)

line level    source

   1          #include <REGX52.H>
   2          #include "key.h"
   3          #include "delay.h"
   4          #include "nixie.h"
   5          #include "buzzer.h"
   6          
   7          unsigned char keynum;
   8          unsigned int i;
   9          void main()
  10          {
  11   1        research(1,0);
  12   1        while (1)
  13   1        {
  14   2            keynum=Key();
  15   2            if(keynum)
  16   2            {
  17   3              Buzzer_Time(500);
  18   3              research(1,keynum);
  19   3            }
  20   2        }
  21   1      }


MODULE INFORMATION:   STATIC OVERLAYABLE
   CODE SIZE        =     32    ----
   CONSTANT SIZE    =   ----    ----
   XDATA SIZE       =   ----    ----
   PDATA SIZE       =   ----    ----
   DATA SIZE        =      3    ----
   IDATA SIZE       =   ----    ----
   BIT SIZE         =   ----    ----
END OF MODULE INFORMATION.


C51 COMPILATION COMPLETE.  0 WARNING(S),  0 ERROR(S)
