C51 COMPILER V9.54   NIXIE                                                                 04/18/2025 17:40:16 PAGE 1   


C51 COMPILER V9.54, COMPILATION OF MODULE NIXIE
OBJECT MODULE PLACED IN .\Objects\Nixie.obj
COMPILER INVOKED BY: C:\Keil_v5\C51\BIN\C51.EXE Nixie.c OPTIMIZE(8,SPEED) BROWSE DEBUG OBJECTEXTEND PRINT(.\Listings\Nix
                    -ie.lst) TABS(2) OBJECT(.\Objects\Nixie.obj)

line level    source

   1          #include <REGX52.H>
   2          #include "Delay.h"
   3          
   4          unsigned char num[]={0x3f,0x06,0x5b,0x4f,0x66,0x6d,0x7d,0x07,0x7f,0x6f,} ;
   5          void research(unsigned char LEDNUM,unsigned char NUM)
   6          {
   7   1        switch(LEDNUM)
   8   1        {
   9   2          case 1:
  10   2          P2_2=P2_3=P2_4=0;
  11   2          break;
  12   2        case 2:
  13   2          P2_3=P2_4=0;
  14   2          P2_2=1;
  15   2          break;
  16   2        case 3:
  17   2          P2_2=P2_4=1;
  18   2          P2_3=0;
  19   2          break;
  20   2        case 4:
  21   2          P2_2=P2_3=1;
  22   2          P2_4=0;
  23   2          break;
  24   2        case 5:
  25   2          P2_4=1;
  26   2          P2_2=P2_3=0;
  27   2          break;
  28   2        case 6:
  29   2          P2_4=P2_2=1;
  30   2          P2_3=0;
  31   2          break;
  32   2        case 7:
  33   2          P2_4=P2_3=1;
  34   2          P2_2=0;
  35   2          break;
  36   2        case 8:
  37   2          P2_2=P2_3=P2_4=1;
  38   2          break;
  39   2        
  40   2        }
  41   1         P0=num[NUM];
  42   1      //   Delay(1);
  43   1      //   P0=0x00; 
  44   1      }


MODULE INFORMATION:   STATIC OVERLAYABLE
   CODE SIZE        =    111    ----
   CONSTANT SIZE    =   ----    ----
   XDATA SIZE       =   ----    ----
   PDATA SIZE       =   ----    ----
   DATA SIZE        =     10    ----
   IDATA SIZE       =   ----    ----
   BIT SIZE         =   ----    ----
C51 COMPILER V9.54   NIXIE                                                                 04/18/2025 17:40:16 PAGE 2   

END OF MODULE INFORMATION.


C51 COMPILATION COMPLETE.  0 WARNING(S),  0 ERROR(S)
