C51 COMPILER V9.01   MIAN                                                                  04/12/2025 22:48:17 PAGE 1   


C51 COMPILER V9.01, COMPILATION OF MODULE MIAN
OBJECT MODULE PLACED IN mian.OBJ
COMPILER INVOKED BY: C:\Users\z'j'c\Desktop\«∂»Î Ω\C51\BIN\C51.EXE mian.c BROWSE DEBUG OBJECTEXTEND

line level    source

   1          #include <REGX52.H>
   2          void Delay1ms(unsigned char xms)                //@12.000MHz
   3          {
   4   1              while(xms--)
   5   1              {
   6   2                      unsigned char i, j;
   7   2      
   8   2                      i = 12;
   9   2                      j = 169;
  10   2                      do
  11   2                      {
  12   3                              while (--j);
  13   3                      } while (--i);
  14   2              }
  15   1      }
  16          
  17          unsigned char num[]={0x3f,0x06,0x5b,0x4f,0x66,0x6d,0x7d,0x07,0x7f,0x6f,} ;
  18          void research(unsigned char LEDNUM,unsigned char NUM)
  19          {
  20   1        switch(LEDNUM)
  21   1        {
  22   2              case 1:
  23   2                      P2_2=P2_3=P2_4=0;
  24   2                      break;
  25   2              case 2:
  26   2                      P2_3=P2_4=0;
  27   2                      P2_2=1;
  28   2                      break;
  29   2              case 3:
  30   2                      P2_2=P2_4=1;
  31   2                      P2_3=0;
  32   2                      break;
  33   2              case 4:
  34   2                      P2_2=P2_3=1;
  35   2                      P2_4=0;
  36   2                      break;
  37   2              case 5:
  38   2                      P2_4=1;
  39   2                      P2_2=P2_3=0;
  40   2                      break;
  41   2              case 6:
  42   2                      P2_4=P2_2=1;
  43   2                      P2_3=0;
  44   2                      break;
  45   2              case 7:
  46   2                      P2_4=P2_3=1;
  47   2                      P2_2=0;
  48   2                      break;
  49   2              case 8:
  50   2                      P2_2=P2_3=P2_4=1;
  51   2                      break;
  52   2        
  53   2        }
  54   1         P0=num[NUM];
  55   1         Delay1ms(1);
C51 COMPILER V9.01   MIAN                                                                  04/12/2025 22:48:17 PAGE 2   

  56   1         P0=0x00;
  57   1      }
  58          
  59          void main()
  60          {       
  61   1      
  62   1              while (1)
  63   1              {
  64   2                      research(8,1);
  65   2                      //Delay1ms(1);
  66   2                      research(7,3);
  67   2                      //Delay1ms(1);
  68   2                      research(6,1);
  69   2                      //Delay1ms(1);
  70   2                      research(5,4);
  71   2                      //Delay1ms(1);  
  72   2              }
  73   1      
  74   1      }


MODULE INFORMATION:   STATIC OVERLAYABLE
   CODE SIZE        =    170    ----
   CONSTANT SIZE    =   ----    ----
   XDATA SIZE       =   ----    ----
   PDATA SIZE       =   ----    ----
   DATA SIZE        =     10       2
   IDATA SIZE       =   ----    ----
   BIT SIZE         =   ----    ----
END OF MODULE INFORMATION.


C51 COMPILATION COMPLETE.  0 WARNING(S),  0 ERROR(S)
