C51 COMPILER V9.54   MAIN                                                                  04/20/2025 20:56:08 PAGE 1   


C51 COMPILER V9.54, COMPILATION OF MODULE MAIN
OBJECT MODULE PLACED IN .\Objects\main.obj
COMPILER INVOKED BY: C:\Keil_v5\C51\BIN\C51.EXE main.c OPTIMIZE(8,SPEED) BROWSE DEBUG OBJECTEXTEND PRINT(.\Listings\main
                    -.lst) TABS(2) OBJECT(.\Objects\main.obj)

line level    source

   1          #include <REGX52.H>
   2          #include "key.h"
   3          #include "timer0.h"
   4          #include "Nixie.h"
   5          sbit moto=P1^0;
   6          unsigned char count,compare;
   7          unsigned char Keynum,NixieNum;
   8          void main()
   9          {
  10   1        Timer0Init();
  11   1        while (1)
  12   1        {
  13   2          Keynum=Key();
  14   2          if(Keynum)
  15   2          {
  16   3            if(Keynum==1)
  17   3            {
  18   4              NixieNum++;
  19   4            }
  20   3            if(Keynum==2)
  21   3            {
  22   4              NixieNum--;
  23   4            }
  24   3            if(Keynum==3)
  25   3            {
  26   4              NixieNum=0;
  27   4            }
  28   3            if(Keynum==4)
  29   3            {
  30   4              NixieNum=3;
  31   4            }
  32   3          }
  33   2          if(NixieNum==0){compare=0;}
  34   2          if(NixieNum==1){compare=50;}
  35   2          if(NixieNum==2){compare=75;}
  36   2          if(NixieNum==3){compare=100;}
  37   2          if(NixieNum>=4){NixieNum=0;}
  38   2          research(1,NixieNum);
  39   2        }
  40   1      }
  41          
  42          void Timer0_Routine() interrupt 1
  43          {
  44   1        TL0 = 0x9c;   //设置定时初值
  45   1        TH0 = 0xFF; 
  46   1        count++;
  47   1        if(count>=100){count=0;}
  48   1        if(count<compare){moto=1;}
  49   1        else{moto=0;}
  50   1        
  51   1      }


MODULE INFORMATION:   STATIC OVERLAYABLE
C51 COMPILER V9.54   MAIN                                                                  04/20/2025 20:56:08 PAGE 2   

   CODE SIZE        =    129    ----
   CONSTANT SIZE    =   ----    ----
   XDATA SIZE       =   ----    ----
   PDATA SIZE       =   ----    ----
   DATA SIZE        =      4    ----
   IDATA SIZE       =   ----    ----
   BIT SIZE         =   ----    ----
END OF MODULE INFORMATION.


C51 COMPILATION COMPLETE.  0 WARNING(S),  0 ERROR(S)
