C51 COMPILER V9.54   TIMER0                                                                04/20/2025 20:36:58 PAGE 1   


C51 COMPILER V9.54, COMPILATION OF MODULE TIMER0
OBJECT MODULE PLACED IN .\Objects\Timer0.obj
COMPILER INVOKED BY: C:\Keil_v5\C51\BIN\C51.EXE Timer0.c OPTIMIZE(8,SPEED) BROWSE DEBUG OBJECTEXTEND PRINT(.\Listings\Ti
                    -mer0.lst) TABS(2) OBJECT(.\Objects\Timer0.obj)

line level    source

   1          #include <REGX52.H>
   2          
   3          /**
   4            * @brief  
   5            * @param  
   6            * @retval ·µ»ØÖµ
   7            */
   8          void Timer0Init(void)   //1æ¯«ç§’@12.000MHz
   9          {
  10   1        //å®šæ—¶å™¨æ—¶é’Ÿ12Tæ¨¡å¼
  11   1        TMOD &= 0xF0;   //è®¾ç½®å®šæ—¶å™¨æ¨¡å¼
  12   1        TMOD |= 0x01;   //è®¾ç½®å®šæ—¶å™¨æ¨¡å¼
  13   1        TL0 = 0x9c;   //è®¾ç½®å®šæ—¶åˆå€¼
  14   1        TH0 = 0xFf;   //è®¾ç½®å®šæ—¶åˆå€¼
  15   1        TF0 = 0;    //æ¸…é™¤TF0æ ‡å¿—
  16   1        TR0 = 1;    //å®šæ—¶å™¨0å¼€å§‹è®¡æ—¶
  17   1        ET0=1;
  18   1        EA=1;
  19   1        PT0=0;
  20   1      }
  21          
  22          /*
  23          void Timer0_Routine() interrupt 1
  24          {
  25            unsigned int count;
  26            TL0 = 0x9c;   //è®¾ç½®å®šæ—¶åˆå€¼
  27            TH0 = 0xFF; 
  28            count++;
  29            if(count>=1000)
  30            {
  31              count=0;
  32              P2_0=~P2_0;
  33            }
  34          }
  35          */


MODULE INFORMATION:   STATIC OVERLAYABLE
   CODE SIZE        =     23    ----
   CONSTANT SIZE    =   ----    ----
   XDATA SIZE       =   ----    ----
   PDATA SIZE       =   ----    ----
   DATA SIZE        =   ----    ----
   IDATA SIZE       =   ----    ----
   BIT SIZE         =   ----    ----
END OF MODULE INFORMATION.


C51 COMPILATION COMPLETE.  0 WARNING(S),  0 ERROR(S)
