C51 COMPILER V9.54   MAIN                                                                  04/13/2025 21:44:25 PAGE 1   


C51 COMPILER V9.54, COMPILATION OF MODULE MAIN
OBJECT MODULE PLACED IN .\Objects\main.obj
COMPILER INVOKED BY: C:\Keil_v5\C51\BIN\C51.EXE main.c OPTIMIZE(8,SPEED) BROWSE DEBUG OBJECTEXTEND PRINT(.\Listings\main
                    -.lst) TABS(2) OBJECT(.\Objects\main.obj)

line level    source

   1          #include <REGX52.H>
   2          #include "matrixkey.h"
   3          #include "lcd1602.h"
   4          #include "delay.h"
   5          
   6          void main()
   7          {
   8   1        unsigned char keynum;
   9   1        unsigned int password,count;
  10   1        LCD_Init();
  11   1        LCD_ShowString(1,1,"Password");
  12   1        
  13   1        while (1)
  14   1        {
  15   2          keynum=MatrixKey();
  16   2          if(keynum)
  17   2          {
  18   3            if(keynum<=10 && count<4)
  19   3            {
  20   4              password*=10;
  21   4              password+=keynum%10;
  22   4              count++;
  23   4              LCD_ShowNum(2,1,password,4);
  24   4            }
  25   3            if(keynum==11)//s11为确认按键
  26   3            {
  27   4              if(password !=4567)
  28   4              {
  29   5                LCD_ShowString(1,12,"Flase");
  30   5                password=0;
  31   5                count=0;
  32   5                LCD_ShowNum(2,1,password,4);
  33   5              }else
  34   4              {
  35   5                LCD_ShowString(1,12,"True");
  36   5                password=0;
  37   5                count=0;
  38   5                LCD_ShowNum(2,1,password,4);
  39   5              }
  40   4            }
  41   3            if(keynum==12)//s12为取消按键，
  42   3            {
  43   4                password=0;
  44   4                count=0;
  45   4                LCD_ShowNum(2,1,password,4);
  46   4            }
  47   3          }
  48   2          
  49   2          
  50   2        }
  51   1      }


MODULE INFORMATION:   STATIC OVERLAYABLE
C51 COMPILER V9.54   MAIN                                                                  04/13/2025 21:44:25 PAGE 2   

   CODE SIZE        =    189    ----
   CONSTANT SIZE    =     20    ----
   XDATA SIZE       =   ----    ----
   PDATA SIZE       =   ----    ----
   DATA SIZE        =   ----       5
   IDATA SIZE       =   ----    ----
   BIT SIZE         =   ----    ----
END OF MODULE INFORMATION.


C51 COMPILATION COMPLETE.  0 WARNING(S),  0 ERROR(S)
