C51 COMPILER V9.54   MIAN                                                                  04/15/2025 10:17:42 PAGE 1   


C51 COMPILER V9.54, COMPILATION OF MODULE MIAN
OBJECT MODULE PLACED IN .\Objects\mian.obj
COMPILER INVOKED BY: C:\Keil_v5\C51\BIN\C51.EXE mian.c OPTIMIZE(8,SPEED) BROWSE DEBUG OBJECTEXTEND PRINT(.\Listings\mian
                    -.lst) TABS(2) OBJECT(.\Objects\mian.obj)

line level    source

   1          #include <REGX52.H>
   2          #include "timer0.h"
   3          #include "key.h"
   4          #include <INTRINS.h>
   5          
   6          
   7          unsigned char Keynum,LEDMode;
   8          void main()
   9          {
  10   1        Timer0Init();
  11   1        P2=0xfe;
  12   1      
  13   1        while (1)
  14   1        {
  15   2          Keynum=Key();
  16   2          if(Keynum)
  17   2          {
  18   3            if(Keynum==1)
  19   3            {
  20   4              LEDMode++;
  21   4              if(LEDMode>=2)LEDMode=0;
  22   4            }
  23   3          }
  24   2      
  25   2        }
  26   1      } 
  27          
  28          
  29          
  30          void Timer0_Routine() interrupt 1
  31          {
  32   1        static unsigned int count;
  33   1        TL0 = 0x18;   //设置定时初值
  34   1        TH0 = 0xFC; 
  35   1        count++;
  36   1        if(count>=500)
  37   1        {
  38   2          count=0;
  39   2          
  40   2          if(LEDMode==1)
  41   2          {
  42   3            P2=_crol_(P2,1);
  43   3          }
  44   2          if(LEDMode==0)
  45   2          {
  46   3            P2=_cror_(P2,1);
  47   3          }
  48   2        }
  49   1      }


MODULE INFORMATION:   STATIC OVERLAYABLE
   CODE SIZE        =    116    ----
   CONSTANT SIZE    =   ----    ----
C51 COMPILER V9.54   MIAN                                                                  04/15/2025 10:17:42 PAGE 2   

   XDATA SIZE       =   ----    ----
   PDATA SIZE       =   ----    ----
   DATA SIZE        =      4    ----
   IDATA SIZE       =   ----    ----
   BIT SIZE         =   ----    ----
END OF MODULE INFORMATION.


C51 COMPILATION COMPLETE.  0 WARNING(S),  0 ERROR(S)
