C51 COMPILER V9.01   MAIN                                                                  04/12/2025 15:00:41 PAGE 1   


C51 COMPILER V9.01, COMPILATION OF MODULE MAIN
OBJECT MODULE PLACED IN main.OBJ
COMPILER INVOKED BY: C:\Users\z'j'c\Desktop\«∂»Î Ω\C51\BIN\C51.EXE main.c BROWSE DEBUG OBJECTEXTEND

line level    source

   1          #include <REGX52.H>
   2          #include <INTRINS.H>
   3          void Delay1ms(unsigned int xms)         //@12.000MHz
   4          {
   5   1              while(xms--)
   6   1              {
   7   2                      unsigned char i, j;
   8   2      
   9   2                      i = 2;
  10   2                      j = 239;
  11   2                      do
  12   2                      {
  13   3                              while (--j);
  14   3                      } while (--i);
  15   2              }
  16   1      }
  17          
  18          void main()
  19          {
  20   1              P2_0=1;
  21   1              while(1)
  22   1              {
  23   2                 if(P3_1==0)
  24   2                 {
  25   3                              Delay1ms(20);
  26   3                              while(P3_1==0);
  27   3                              Delay1ms(20);
  28   3                              P2_0=~P2_0;     
  29   3                 }
  30   2              
  31   2              
  32   2              }
  33   1      
  34   1      
  35   1      }
  36          
  37          


MODULE INFORMATION:   STATIC OVERLAYABLE
   CODE SIZE        =     51    ----
   CONSTANT SIZE    =   ----    ----
   XDATA SIZE       =   ----    ----
   PDATA SIZE       =   ----    ----
   DATA SIZE        =   ----       2
   IDATA SIZE       =   ----    ----
   BIT SIZE         =   ----    ----
END OF MODULE INFORMATION.


C51 COMPILATION COMPLETE.  0 WARNING(S),  0 ERROR(S)
