C51 COMPILER V9.01   MAIN                                                                  04/12/2025 14:39:16 PAGE 1   


C51 COMPILER V9.01, COMPILATION OF MODULE MAIN
OBJECT MODULE PLACED IN main.OBJ
COMPILER INVOKED BY: C:\Users\z'j'c\Desktop\«∂»Î Ω\C51\BIN\C51.EXE main.c BROWSE DEBUG OBJECTEXTEND

line level    source

   1          #include <REGX52.H>
   2          
   3          void main()
   4          {
   5   1      
   6   1              while (1)
   7   1              {
   8   2                      P2_0=1;
   9   2                      if(P3_1==0)
  10   2                      {
  11   3                              P2_0=~P2_0;
  12   3                      }
  13   2                       else
  14   2                       {
  15   3                              P2_0=P2_0;
  16   3                       }
  17   2              }
  18   1      }


MODULE INFORMATION:   STATIC OVERLAYABLE
   CODE SIZE        =     15    ----
   CONSTANT SIZE    =   ----    ----
   XDATA SIZE       =   ----    ----
   PDATA SIZE       =   ----    ----
   DATA SIZE        =   ----    ----
   IDATA SIZE       =   ----    ----
   BIT SIZE         =   ----    ----
END OF MODULE INFORMATION.


C51 COMPILATION COMPLETE.  0 WARNING(S),  0 ERROR(S)
