C51 COMPILER V9.01   DELAY                                                                 04/13/2025 03:50:00 PAGE 1   


C51 COMPILER V9.01, COMPILATION OF MODULE DELAY
OBJECT MODULE PLACED IN Delay.OBJ
COMPILER INVOKED BY: C:\Users\z'j'c\Desktop\«∂»Î Ω\C51\BIN\C51.EXE Delay.c BROWSE DEBUG OBJECTEXTEND

line level    source

   1          void Delay(unsigned char xms)           //@12.000MHz
   2          {
   3   1              while (xms--)
   4   1              {
   5   2                      unsigned char i, j;
   6   2      
   7   2                      i = 2;
   8   2                      j = 239;
   9   2                      do
  10   2                      {
  11   3                              while (--j);
  12   3                      } while (--i);
  13   2              }
  14   1      }


MODULE INFORMATION:   STATIC OVERLAYABLE
   CODE SIZE        =     21    ----
   CONSTANT SIZE    =   ----    ----
   XDATA SIZE       =   ----    ----
   PDATA SIZE       =   ----    ----
   DATA SIZE        =   ----       2
   IDATA SIZE       =   ----    ----
   BIT SIZE         =   ----    ----
END OF MODULE INFORMATION.


C51 COMPILATION COMPLETE.  0 WARNING(S),  0 ERROR(S)
