C51 COMPILER V9.01   MIAN                                                                  04/13/2025 03:52:45 PAGE 1   


C51 COMPILER V9.01, COMPILATION OF MODULE MIAN
OBJECT MODULE PLACED IN mian.OBJ
COMPILER INVOKED BY: C:\Users\z'j'c\Desktop\«∂»Î Ω\C51\BIN\C51.EXE mian.c BROWSE DEBUG OBJECTEXTEND

line level    source

   1          #include <REGX52.H>
   2          #include "Delay.h"
   3          #include "Nixie.h"
   4          void main()
   5          {
   6   1              while (1)
   7   1              {
   8   2                      research(8,1);
   9   2                      //Delay1ms(1);
  10   2                      research(7,3);
  11   2                      //Delay1ms(1);
  12   2                      research(6,1);
  13   2                      //Delay1ms(1);
  14   2                      research(5,4);
  15   2                      //Delay1ms(1);  
  16   2      
  17   2              }
  18   1      
  19   1      }
  20          


MODULE INFORMATION:   STATIC OVERLAYABLE
   CODE SIZE        =     30    ----
   CONSTANT SIZE    =   ----    ----
   XDATA SIZE       =   ----    ----
   PDATA SIZE       =   ----    ----
   DATA SIZE        =   ----    ----
   IDATA SIZE       =   ----    ----
   BIT SIZE         =   ----    ----
END OF MODULE INFORMATION.


C51 COMPILATION COMPLETE.  0 WARNING(S),  0 ERROR(S)
