C51 COMPILER V9.01   MAIN                                                                  04/13/2025 04:43:57 PAGE 1   


C51 COMPILER V9.01, COMPILATION OF MODULE MAIN
OBJECT MODULE PLACED IN main.OBJ
COMPILER INVOKED BY: C:\Users\z'j'c\Desktop\«∂»Î Ω\C51\BIN\C51.EXE main.c BROWSE DEBUG OBJECTEXTEND

line level    source

   1          #include <REGX52.H>
   2          #include "LCD1602.h"
   3          void main()
   4          {       
   5   1              LCD_Init();
   6   1              while(1)
   7   1              {
   8   2                      LCD_ShowChar(1,1,'A');
   9   2                      LCD_ShowString(1,3,"Hello");
  10   2                      LCD_ShowNum(1,9,123,3); 
  11   2              }
  12   1      }


MODULE INFORMATION:   STATIC OVERLAYABLE
   CODE SIZE        =     41    ----
   CONSTANT SIZE    =      6    ----
   XDATA SIZE       =   ----    ----
   PDATA SIZE       =   ----    ----
   DATA SIZE        =   ----    ----
   IDATA SIZE       =   ----    ----
   BIT SIZE         =   ----    ----
END OF MODULE INFORMATION.


C51 COMPILATION COMPLETE.  0 WARNING(S),  0 ERROR(S)
