C51 COMPILER V9.54   MAIN                                                                  04/13/2025 20:49:38 PAGE 1   


C51 COMPILER V9.54, COMPILATION OF MODULE MAIN
OBJECT MODULE PLACED IN .\Objects\main.obj
COMPILER INVOKED BY: C:\Keil_v5\C51\BIN\C51.EXE main.c OPTIMIZE(8,SPEED) BROWSE DEBUG OBJECTEXTEND PRINT(.\Listings\main
                    -.lst) TABS(2) OBJECT(.\Objects\main.obj)

line level    source

   1          #include <REGX52.H>
   2          #include "delay.h"
   3          #include "lcd1602.h"
   4          #include "matrixkey"
*** WARNING C318 IN LINE 4 OF main.c: can't open file 'matrixkey'
   5          void main()
   6          { 
   7   1        unsigned keynum;
   8   1        LCD_Init();
   9   1        LCD_ShowString(1,1,"MatrixKey");
  10   1        LCD_ShowNum(2,1,0,2);
  11   1        while (1)
  12   1        {
  13   2          keynum=MatrixKey();
*** WARNING C206 IN LINE 13 OF main.c: 'MatrixKey': missing function-prototype
  14   2          if(keynum){
  15   3            LCD_ShowNum(2,1,keynum,2);
  16   3          }
  17   2        
  18   2        }
  19   1      
  20   1      }


MODULE INFORMATION:   STATIC OVERLAYABLE
   CODE SIZE        =     58    ----
   CONSTANT SIZE    =     10    ----
   XDATA SIZE       =   ----    ----
   PDATA SIZE       =   ----    ----
   DATA SIZE        =   ----       2
   IDATA SIZE       =   ----    ----
   BIT SIZE         =   ----    ----
END OF MODULE INFORMATION.


C51 COMPILATION COMPLETE.  2 WARNING(S),  0 ERROR(S)
