C51 COMPILER V9.54   MAIN                                                                  04/15/2025 10:44:58 PAGE 1   


C51 COMPILER V9.54, COMPILATION OF MODULE MAIN
OBJECT MODULE PLACED IN .\Objects\main.obj
COMPILER INVOKED BY: C:\Keil_v5\C51\BIN\C51.EXE main.c OPTIMIZE(8,SPEED) BROWSE DEBUG OBJECTEXTEND PRINT(.\Listings\main
                    -.lst) TABS(2) OBJECT(.\Objects\main.obj)

line level    source

   1          #include <REGX52.H>
   2          #include "lcd1602.h"
   3          #include "timer0.h"
   4          #include "delay.h"
   5          #include "key.h"
   6          
   7          unsigned char sec;//设置变量秒，分，小时
   8          unsigned char minutes;
   9          unsigned char hour;
  10          unsigned char Keynum;
  11          void main()
  12          {
  13   1        LCD_Init();
  14   1        Timer0Init();
  15   1        LCD_ShowString(1,1,"clock");
  16   1        while (1)
  17   1        {
  18   2          Keynum=Key();
  19   2          if(Keynum)
  20   2          {
  21   3            if(Keynum==1)
  22   3            {
  23   4              hour++;
  24   4            }
  25   3            if(Keynum==2)minutes++;
  26   3            if(Keynum==3)sec++;
  27   3          }
  28   2          LCD_ShowNum(2,1,hour,2);
  29   2          LCD_ShowChar(2,3,':');
  30   2          LCD_ShowNum(2,4,minutes,2);
  31   2          LCD_ShowChar(2,6,':');
  32   2          LCD_ShowNum(2,7,sec,2);
  33   2        }
  34   1      }
  35          
  36          void Timer0_Routine() interrupt 1
  37          {
  38   1        unsigned int count;
  39   1        TL0 = 0x18;   //设置定时初值
  40   1        TH0 = 0xFC; 
  41   1        count++;
  42   1        if(count>=1000)
  43   1        {
  44   2          count=0;
  45   2          sec++;
  46   2          if(sec==60)
  47   2          {
  48   3            sec=0;
  49   3            minutes++;
  50   3            if(minutes==0)
  51   3            {
  52   4              minutes=0;
  53   4              hour++;
  54   4            }
C51 COMPILER V9.54   MAIN                                                                  04/15/2025 10:44:58 PAGE 2   

  55   3          }
  56   2        }
  57   1      
  58   1        
  59   1      }


MODULE INFORMATION:   STATIC OVERLAYABLE
   CODE SIZE        =    170    ----
   CONSTANT SIZE    =      6    ----
   XDATA SIZE       =   ----    ----
   PDATA SIZE       =   ----    ----
   DATA SIZE        =      4       2
   IDATA SIZE       =   ----    ----
   BIT SIZE         =   ----    ----
END OF MODULE INFORMATION.


C51 COMPILATION COMPLETE.  0 WARNING(S),  0 ERROR(S)
