C51 COMPILER V9.01   MAIN                                                                  04/12/2025 22:16:42 PAGE 1   


C51 COMPILER V9.01, COMPILATION OF MODULE MAIN
OBJECT MODULE PLACED IN main.OBJ
COMPILER INVOKED BY: C:\Users\z'j'c\Desktop\«∂»Î Ω\C51\BIN\C51.EXE main.c BROWSE DEBUG OBJECTEXTEND

line level    source

   1          #include <REGX52.H>
   2          void LED1()
   3          {
   4   1              P2_2=P2_3=P2_4=0;
   5   1      }
   6          void LED2()
   7          {
   8   1              P2_2=1;
   9   1              P2_3=P2_4=0;
  10   1      }
  11          void LED3()
  12          {
  13   1              P2_2=P2_4=0;
  14   1              P2_3=1;
  15   1      }
  16          void LED4()
  17          {
  18   1              P2_2=P2_3=1;
  19   1              P2_4=0;
  20   1      }
  21          void LED5()
  22          {
  23   1              P2_2=P2_3=0;
  24   1              P2_4=1;
  25   1      }
  26          void LED6 ()
  27          {
  28   1              P2_2=P2_4=1;
  29   1              P2_3=0;
  30   1      }
  31          void LED7()
  32          {
  33   1              P2_3=P2_4=1;
  34   1              P2_2=0;
  35   1      }
  36          void LED8()
  37          {
  38   1              P2_2=P2_3=P2_4=1;
  39   1      }
  40          void display0()
  41          {
  42   1              P0_6=P0_7=0;
  43   1              P0_0=P0_1=P0_2=P0_3=P0_4=P0_5=1;
  44   1      }
  45          void display1()
  46          {
  47   1              P0_1=P0_2=1;
  48   1              P0_0=P0_3=P0_4=P0_5=P0_6=P0_7=0;
  49   1      
  50   1      }
  51          void display2()
  52          {
  53   1              P0=0x5b;
  54   1      }
  55          void display3()
C51 COMPILER V9.01   MAIN                                                                  04/12/2025 22:16:42 PAGE 2   

  56          {
  57   1              P0=0x4f;
  58   1      }
  59          void display4()
  60          {
  61   1              P0=0x66;
  62   1      }
  63          void display5()
  64          {
  65   1              P0=0x6d;
  66   1      }
  67          void display6()
  68          {
  69   1              P0=0x7d;
  70   1      }
  71          void display7()
  72          {
  73   1              P0=0x07;
  74   1      }
  75          void display8()
  76          {
  77   1              P0=0x7f;
  78   1      }
  79          void display9()
  80          {
  81   1              P0=0x6f;
  82   1      }
  83          void main()
  84          {
  85   1              while(1)
  86   1              {
  87   2                      LED1();
  88   2                      display7();
  89   2              }
  90   1      
  91   1      }
  92          
  93          


MODULE INFORMATION:   STATIC OVERLAYABLE
   CODE SIZE        =    130    ----
   CONSTANT SIZE    =   ----    ----
   XDATA SIZE       =   ----    ----
   PDATA SIZE       =   ----    ----
   DATA SIZE        =   ----    ----
   IDATA SIZE       =   ----    ----
   BIT SIZE         =   ----    ----
END OF MODULE INFORMATION.


C51 COMPILATION COMPLETE.  0 WARNING(S),  0 ERROR(S)
