C51 COMPILER V9.54   MAIN                                                                  04/15/2025 20:22:50 PAGE 1   


C51 COMPILER V9.54, COMPILATION OF MODULE MAIN
OBJECT MODULE PLACED IN .\Objects\main.obj
COMPILER INVOKED BY: C:\Keil_v5\C51\BIN\C51.EXE main.c OPTIMIZE(8,SPEED) BROWSE DEBUG OBJECTEXTEND PRINT(.\Listings\main
                    -.lst) TABS(2) OBJECT(.\Objects\main.obj)

line level    source

   1          #include <REGX52.H>
   2          
   3          #include "delay.h"
   4          #include "uart.h"
   5          
   6          unsigned char Sec;
   7          
   8          void main()
   9          {
  10   1        Uart_Init();
  11   1        while (1)
  12   1        {
  13   2          
  14   2        }
  15   1      }
  16          
  17          void UART_Routine() interrupt 4
  18          {
  19   1        if(RI==1)
  20   1        {
  21   2          P2=SBUF;
  22   2          UART_SendByte(SBUF);
  23   2          RI=0;
  24   2        }
  25   1      }


MODULE INFORMATION:   STATIC OVERLAYABLE
   CODE SIZE        =     74    ----
   CONSTANT SIZE    =   ----    ----
   XDATA SIZE       =   ----    ----
   PDATA SIZE       =   ----    ----
   DATA SIZE        =      1    ----
   IDATA SIZE       =   ----    ----
   BIT SIZE         =   ----    ----
END OF MODULE INFORMATION.


C51 COMPILATION COMPLETE.  0 WARNING(S),  0 ERROR(S)
