C51 COMPILER V9.54   MAIN                                                                  04/20/2025 16:48:30 PAGE 1   


C51 COMPILER V9.54, COMPILATION OF MODULE MAIN
OBJECT MODULE PLACED IN .\Objects\main.obj
COMPILER INVOKED BY: C:\Keil_v5\C51\BIN\C51.EXE main.c OPTIMIZE(8,SPEED) BROWSE DEBUG OBJECTEXTEND PRINT(.\Listings\main
                    -.lst) TABS(2) OBJECT(.\Objects\main.obj)

line level    source

   1          #include <REGX52.H>
   2          #include "lcd1602.h"
   3          #include "DS18B20.h"
   4          #include "Delay.h"
   5          
   6          float T;
   7          void main() 
   8          {
   9   1            DS18B20_ConvertT();
  10   1        Delay(1000);
  11   1        LCD_Init();
  12   1        LCD_ShowString(1,1,"Temprature:");
  13   1        
  14   1        while (1)
  15   1        {
  16   2          DS18B20_ConvertT();
  17   2          T=DS18B20_ReadT();
  18   2          if(T<0)
  19   2          {
  20   3            LCD_ShowChar(2,1,'-');
  21   3            T=-T;
  22   3          }else
  23   2          {
  24   3            LCD_ShowChar(2,1,'+');
  25   3          }
  26   2          LCD_ShowNum(2,2,T,3);
  27   2          LCD_ShowChar(2,5,'.');
  28   2          LCD_ShowNum(2,6,(unsigned long)(T*10000)%10000,4);
  29   2          
  30   2        }
  31   1      }


MODULE INFORMATION:   STATIC OVERLAYABLE
   CODE SIZE        =    174    ----
   CONSTANT SIZE    =     12    ----
   XDATA SIZE       =   ----    ----
   PDATA SIZE       =   ----    ----
   DATA SIZE        =      4    ----
   IDATA SIZE       =   ----    ----
   BIT SIZE         =   ----    ----
END OF MODULE INFORMATION.


C51 COMPILATION COMPLETE.  0 WARNING(S),  0 ERROR(S)
