C51 COMPILER V9.54   ONE_WIRE                                                              04/20/2025 16:48:30 PAGE 1   


C51 COMPILER V9.54, COMPILATION OF MODULE ONE_WIRE
OBJECT MODULE PLACED IN .\Objects\one_wire.obj
COMPILER INVOKED BY: C:\Keil_v5\C51\BIN\C51.EXE one_wire.c OPTIMIZE(8,SPEED) BROWSE DEBUG OBJECTEXTEND PRINT(.\Listings\
                    -one_wire.lst) TABS(2) OBJECT(.\Objects\one_wire.obj)

line level    source

   1          #include <REGX52.H>
   2          #include <INTRINS.h>
   3          sbit IO=P3^7;
   4          unsigned char One_wire_Init()
   5          {
   6   1        unsigned char i,n;
   7   1        IO=1;
   8   1        IO=0;
   9   1        _nop_();
  10   1        i = 247;
  11   1        while (--i);
  12   1        IO=1;
  13   1        i = 32;
  14   1        while (--i);
  15   1        n=IO;
  16   1        i = 247;
  17   1        while (--i);
  18   1      return n; 
  19   1        
  20   1        
  21   1      }
  22          
  23          void One_wire_sendBit(unsigned char Bit)
  24          { 
  25   1        unsigned char i;
  26   1        
  27   1        IO=0;
  28   1        _nop_();
  29   1        i = 4;
  30   1        while (--i);//delay 10us
  31   1        IO=Bit;
  32   1        
  33   1        _nop_();
  34   1        i = 24;
  35   1        while (--i);//delay 50us
  36   1        IO=1;
  37   1      }
  38          
  39          unsigned char One_Wire_receiveBit()
  40          {
  41   1        unsigned char i;
  42   1        unsigned char Bit;
  43   1        IO=0;
  44   1        i = 2;
  45   1        while (--i);//Delay 5us
  46   1        IO=1;
  47   1        i = 2;
  48   1        while (--i);//Delay 5us
  49   1        Bit=IO;
  50   1        i = 24;
  51   1        while (--i);//Delay 45us
  52   1        return Bit;
  53   1      }
  54          
C51 COMPILER V9.54   ONE_WIRE                                                              04/20/2025 16:48:30 PAGE 2   

  55          void One_wire_sendByte(unsigned char Byte)
  56          {
  57   1        unsigned char i;
  58   1        for(i=0;i<8;i++)
  59   1        {
  60   2          One_wire_sendBit(Byte &(0x01<<i));
  61   2        }
  62   1      
  63   1      }
  64          
  65          unsigned char One_wire_reciveByte()
  66          {
  67   1        unsigned char i,re=0x00;
  68   1        for(i=0;i<8;i++)
  69   1        {
  70   2          if(One_Wire_receiveBit()){re |=(0x01<<i);}
  71   2          
  72   2        }
  73   1        return re;
  74   1        
  75   1      }
  76          
  77          
  78          
  79          
  80          
  81          
  82          
  83          
  84          
  85          
  86          
  87          
  88          


MODULE INFORMATION:   STATIC OVERLAYABLE
   CODE SIZE        =    125    ----
   CONSTANT SIZE    =   ----    ----
   XDATA SIZE       =   ----    ----
   PDATA SIZE       =   ----    ----
   DATA SIZE        =   ----    ----
   IDATA SIZE       =   ----    ----
   BIT SIZE         =   ----    ----
END OF MODULE INFORMATION.


C51 COMPILATION COMPLETE.  0 WARNING(S),  0 ERROR(S)
