C51 COMPILER V9.54   KEY                                                                   04/19/2025 22:04:01 PAGE 1   


C51 COMPILER V9.54, COMPILATION OF MODULE KEY
OBJECT MODULE PLACED IN .\Objects\Key.obj
COMPILER INVOKED BY: C:\Keil_v5\C51\BIN\C51.EXE Key.c OPTIMIZE(8,SPEED) BROWSE DEBUG OBJECTEXTEND PRINT(.\Listings\Key.l
                    -st) TABS(2) OBJECT(.\Objects\Key.obj)

line level    source

   1          #include <REGX52.H>
   2          #include "delay.h"
   3          unsigned char Key_num,Temp;
   4          
   5          unsigned char Key()
   6          {
   7   1        Temp=Key_num;
   8   1        Key_num=0;
   9   1        return Temp;
  10   1      }
  11          
  12          unsigned char Key_getstate()
  13          {
  14   1        unsigned char Keynum=0;
  15   1        if(P3_1==0){Keynum=1;}
  16   1        if(P3_0==0){Keynum=2;}
  17   1        if(P3_2==0){Keynum=3;}
  18   1        if(P3_3==0){Keynum=4;}
  19   1        
  20   1        return Keynum;
  21   1      }
  22          
  23          void Key_Loop()
  24          {
  25   1        unsigned char Nowstate,Laststate;
  26   1        Nowstate=Laststate;
  27   1        
  28   1        Nowstate=Key_getstate();
  29   1        if(Laststate==1&&Nowstate==0)
  30   1        {
  31   2          Key_num=1;
  32   2        }
  33   1        if(Laststate==2&&Nowstate==0)
  34   1        {
  35   2          Key_num=2;
  36   2        }
  37   1        if(Laststate==3&&Nowstate==0)
  38   1        {
  39   2          Key_num=3;
  40   2        }
  41   1        if(Laststate==4&&Nowstate==0)
  42   1        {
  43   2          Key_num=4;
  44   2        } 
  45   1      }


MODULE INFORMATION:   STATIC OVERLAYABLE
   CODE SIZE        =     81    ----
   CONSTANT SIZE    =   ----    ----
   XDATA SIZE       =   ----    ----
   PDATA SIZE       =   ----    ----
   DATA SIZE        =      2       1
   IDATA SIZE       =   ----    ----
C51 COMPILER V9.54   KEY                                                                   04/19/2025 22:04:01 PAGE 2   

   BIT SIZE         =   ----    ----
END OF MODULE INFORMATION.


C51 COMPILATION COMPLETE.  0 WARNING(S),  0 ERROR(S)
