C51 COMPILER V9.54   MAIN                                                                  04/19/2025 22:11:35 PAGE 1   


C51 COMPILER V9.54, COMPILATION OF MODULE MAIN
OBJECT MODULE PLACED IN .\Objects\main.obj
COMPILER INVOKED BY: C:\Keil_v5\C51\BIN\C51.EXE main.c OPTIMIZE(8,SPEED) BROWSE DEBUG OBJECTEXTEND PRINT(.\Listings\main
                    -.lst) TABS(2) OBJECT(.\Objects\main.obj)

line level    source

   1          #include <REGX52.H>
   2          #include "key.h"
   3          #include "nixie.h"
   4          #include "timer0.h"
   5          
   6          unsigned char Keynum,Temp1;
   7          
   8          void main()
   9          {
  10   1        Timer0Init();
  11   1        while (1)
  12   1        {
  13   2          Keynum=Key();
  14   2          if(Keynum){
  15   3          Temp1=Keynum;
  16   3            
  17   3          }
  18   2          research(1,Temp1);
  19   2        }
  20   1      }
  21          
  22          void Timer0_Routine() interrupt 1
  23          {
  24   1        unsigned int count;
  25   1        TL0 = 0x18;   //设置定时初值
  26   1        TH0 = 0xFC; 
  27   1        count++;
  28   1        if(count>=20)
  29   1        {
  30   2          count=0;
  31   2          Key_Loop();
  32   2      
  33   2        }
  34   1      }


MODULE INFORMATION:   STATIC OVERLAYABLE
   CODE SIZE        =    111    ----
   CONSTANT SIZE    =   ----    ----
   XDATA SIZE       =   ----    ----
   PDATA SIZE       =   ----    ----
   DATA SIZE        =      2       2
   IDATA SIZE       =   ----    ----
   BIT SIZE         =   ----    ----
END OF MODULE INFORMATION.


C51 COMPILATION COMPLETE.  0 WARNING(S),  0 ERROR(S)
