C51 COMPILER V9.54   MLED                                                                  04/16/2025 16:57:07 PAGE 1   


C51 COMPILER V9.54, COMPILATION OF MODULE MLED
OBJECT MODULE PLACED IN .\Objects\MLED.obj
COMPILER INVOKED BY: C:\Keil_v5\C51\BIN\C51.EXE MLED.c OPTIMIZE(8,SPEED) BROWSE DEBUG OBJECTEXTEND PRINT(.\Listings\MLED
                    -.lst) TABS(2) OBJECT(.\Objects\MLED.obj)

line level    source

   1          #include <REGX52.H>
   2          #include "Delay.h"
   3          sbit RCK=P3^5;//RCLK上沿锁存
   4          sbit SCK=P3^6;//SRCLK上沿移位
   5          sbit SER=P3^4;
   6          
   7          /**
   8            * @brief   74HC595写入一个字节
   9            * @param  输入一个字节
  10            * @retval 无
  11            */
  12          void _74HC595_writeByte(unsigned char Byte)
  13          {
  14   1        unsigned char i;
  15   1        for( i=0;i<8;i++)
  16   1        {
  17   2          SER=Byte &(0x80>>i);//非零记一
  18   2          SCK=1;
  19   2          SCK=0;
  20   2        }
  21   1        RCK=1;
  22   1        RCK=0;
  23   1        
  24   1      
  25   1      }
  26          /**
  27            * @brief   LED显示图形
  28          * @param  Column第几行，最高位为最左边，范围0~7
  29          * @param  Data列显示的数据，最高位为上方，范围为0~7
  30            * @retval 无
  31            */
  32          void MLED_Show(unsigned char Column,Data)
  33          {
  34   1        _74HC595_writeByte(Data);
  35   1        P0=~0x80>>Column;
  36   1        Delay(1);
  37   1        P0=0xff;
  38   1        
  39   1      }
  40          
  41          /**
  42            * @brief   点阵初始化
  43            * @param  无
  44            * @retval 无
  45            */
  46          void LED_Init()
  47          {
  48   1        SCK=0;
  49   1        RCK=0;
  50   1      }


MODULE INFORMATION:   STATIC OVERLAYABLE
   CODE SIZE        =     87    ----
C51 COMPILER V9.54   MLED                                                                  04/16/2025 16:57:07 PAGE 2   

   CONSTANT SIZE    =   ----    ----
   XDATA SIZE       =   ----    ----
   PDATA SIZE       =   ----    ----
   DATA SIZE        =   ----    ----
   IDATA SIZE       =   ----    ----
   BIT SIZE         =   ----    ----
END OF MODULE INFORMATION.


C51 COMPILATION COMPLETE.  0 WARNING(S),  0 ERROR(S)
